<?xml version="1.0" encoding="UTF-8"?>
<testsuite xmlns:xsi="http://www.w3.org/2001/XMLSchema-instance" xsi:noNamespaceSchemaLocation="https://maven.apache.org/surefire/maven-surefire-plugin/xsd/surefire-test-report.xsd" name="com.kyle.kyapiinterface.KyapiInterfaceApplicationTests" time="4.645" tests="1" errors="1" skipped="0" failures="0">
  <properties>
[...]
</properties>
  <testcase name="contextLoads" classname="com.kyle.kyapiinterface.KyapiInterfaceApplicationTests" time="2.417">
    <error message="ConnectException: Connection refused: connect" type="cn.hutool.core.io.IORuntimeException">cn.hutool.core.io.IORuntimeException: ConnectException: Connection refused: connect
	at com.kyle.kyapiinterface.KyapiInterfaceApplicationTests.contextLoads(KyapiInterfaceApplicationTests.java:18)
Caused by: java.net.ConnectException: Connection refused: connect
	at com.kyle.kyapiinterface.KyapiInterfaceApplicationTests.contextLoads(KyapiInterfaceApplicationTests.java:18)
</error>
    <system-out><![CDATA[20:18:34.636 [main] DEBUG org.springframework.test.context.BootstrapUtils - Instantiating CacheAwareContextLoaderDelegate from class [org.springframework.test.context.cache.DefaultCacheAwareContextLoaderDelegate]
20:18:34.648 [main] DEBUG org.springframework.test.context.BootstrapUtils - Instantiating BootstrapContext using constructor [public org.springframework.test.context.support.DefaultBootstrapContext(java.lang.Class,org.springframework.test.context.CacheAwareContextLoaderDelegate)]
20:18:34.684 [main] DEBUG org.springframework.test.context.BootstrapUtils - Instantiating TestContextBootstrapper for test class [com.kyle.kyapiinterface.KyapiInterfaceApplicationTests] from class [org.springframework.boot.test.context.SpringBootTestContextBootstrapper]
20:18:34.700 [main] INFO org.springframework.boot.test.context.SpringBootTestContextBootstrapper - Neither @ContextConfiguration nor @ContextHierarchy found for test class [com.kyle.kyapiinterface.KyapiInterfaceApplicationTests], using SpringBootContextLoader
20:18:34.702 [main] DEBUG org.springframework.test.context.support.AbstractContextLoader - Did not detect default resource location for test class [com.kyle.kyapiinterface.KyapiInterfaceApplicationTests]: class path resource [com/kyle/kyapiinterface/KyapiInterfaceApplicationTests-context.xml] does not exist
20:18:34.704 [main] DEBUG org.springframework.test.context.support.AbstractContextLoader - Did not detect default resource location for test class [com.kyle.kyapiinterface.KyapiInterfaceApplicationTests]: class path resource [com/kyle/kyapiinterface/KyapiInterfaceApplicationTestsContext.groovy] does not exist
20:18:34.704 [main] INFO org.springframework.test.context.support.AbstractContextLoader - Could not detect default resource locations for test class [com.kyle.kyapiinterface.KyapiInterfaceApplicationTests]: no resource found for suffixes {-context.xml, Context.groovy}.
20:18:34.704 [main] INFO org.springframework.test.context.support.AnnotationConfigContextLoaderUtils - Could not detect default configuration classes for test class [com.kyle.kyapiinterface.KyapiInterfaceApplicationTests]: KyapiInterfaceApplicationTests does not declare any static, non-private, non-final, nested classes annotated with @Configuration.
20:18:34.744 [main] DEBUG org.springframework.test.context.support.ActiveProfilesUtils - Could not find an 'annotation declaring class' for annotation type [org.springframework.test.context.ActiveProfiles] and class [com.kyle.kyapiinterface.KyapiInterfaceApplicationTests]
20:18:34.814 [main] DEBUG org.springframework.context.annotation.ClassPathScanningCandidateComponentProvider - Identified candidate component class: file [D:\IDEA\KyAPI\kyapi-interface\target\classes\com\kyle\kyapiinterface\KyapiInterfaceApplication.class]
20:18:34.816 [main] INFO org.springframework.boot.test.context.SpringBootTestContextBootstrapper - Found @SpringBootConfiguration com.kyle.kyapiinterface.KyapiInterfaceApplication for test class com.kyle.kyapiinterface.KyapiInterfaceApplicationTests
20:18:34.912 [main] DEBUG org.springframework.boot.test.context.SpringBootTestContextBootstrapper - @TestExecutionListeners is not present for class [com.kyle.kyapiinterface.KyapiInterfaceApplicationTests]: using defaults.
20:18:34.912 [main] INFO org.springframework.boot.test.context.SpringBootTestContextBootstrapper - Loaded default TestExecutionListener class names from location [META-INF/spring.factories]: [org.springframework.boot.test.mock.mockito.MockitoTestExecutionListener, org.springframework.boot.test.mock.mockito.ResetMocksTestExecutionListener, org.springframework.boot.test.autoconfigure.restdocs.RestDocsTestExecutionListener, org.springframework.boot.test.autoconfigure.web.client.MockRestServiceServerResetTestExecutionListener, org.springframework.boot.test.autoconfigure.web.servlet.MockMvcPrintOnlyOnFailureTestExecutionListener, org.springframework.boot.test.autoconfigure.web.servlet.WebDriverTestExecutionListener, org.springframework.boot.test.autoconfigure.webservices.client.MockWebServiceServerTestExecutionListener, org.springframework.test.context.web.ServletTestExecutionListener, org.springframework.test.context.support.DirtiesContextBeforeModesTestExecutionListener, org.springframework.test.context.event.ApplicationEventsTestExecutionListener, org.springframework.test.context.support.DependencyInjectionTestExecutionListener, org.springframework.test.context.support.DirtiesContextTestExecutionListener, org.springframework.test.context.transaction.TransactionalTestExecutionListener, org.springframework.test.context.jdbc.SqlScriptsTestExecutionListener, org.springframework.test.context.event.EventPublishingTestExecutionListener]
20:18:34.931 [main] DEBUG org.springframework.boot.test.context.SpringBootTestContextBootstrapper - Skipping candidate TestExecutionListener [org.springframework.test.context.transaction.TransactionalTestExecutionListener] due to a missing dependency. Specify custom listener classes or make the default listener classes and their required dependencies available. Offending class: [org/springframework/transaction/interceptor/TransactionAttributeSource]
20:18:34.931 [main] DEBUG org.springframework.boot.test.context.SpringBootTestContextBootstrapper - Skipping candidate TestExecutionListener [org.springframework.test.context.jdbc.SqlScriptsTestExecutionListener] due to a missing dependency. Specify custom listener classes or make the default listener classes and their required dependencies available. Offending class: [org/springframework/transaction/interceptor/TransactionAttribute]
20:18:34.932 [main] INFO org.springframework.boot.test.context.SpringBootTestContextBootstrapper - Using TestExecutionListeners: [org.springframework.test.context.web.ServletTestExecutionListener@74d1dc36, org.springframework.test.context.support.DirtiesContextBeforeModesTestExecutionListener@7161d8d1, org.springframework.test.context.event.ApplicationEventsTestExecutionListener@74e28667, org.springframework.boot.test.mock.mockito.MockitoTestExecutionListener@1cf6d1be, org.springframework.boot.test.autoconfigure.SpringBootDependencyInjectionTestExecutionListener@663c9e7a, org.springframework.test.context.support.DirtiesContextTestExecutionListener@19e4653c, org.springframework.test.context.event.EventPublishingTestExecutionListener@795509d9, org.springframework.boot.test.mock.mockito.ResetMocksTestExecutionListener@53045c6c, org.springframework.boot.test.autoconfigure.restdocs.RestDocsTestExecutionListener@5149d738, org.springframework.boot.test.autoconfigure.web.client.MockRestServiceServerResetTestExecutionListener@6bbe85a8, org.springframework.boot.test.autoconfigure.web.servlet.MockMvcPrintOnlyOnFailureTestExecutionListener@3a7442c7, org.springframework.boot.test.autoconfigure.web.servlet.WebDriverTestExecutionListener@4be29ed9, org.springframework.boot.test.autoconfigure.webservices.client.MockWebServiceServerTestExecutionListener@548d708a]
20:18:34.934 [main] DEBUG org.springframework.test.context.support.AbstractDirtiesContextTestExecutionListener - Before test class: context [DefaultTestContext@7f485fda testClass = KyapiInterfaceApplicationTests, testInstance = [null], testMethod = [null], testException = [null], mergedContextConfiguration = [WebMergedContextConfiguration@28261e8e testClass = KyapiInterfaceApplicationTests, locations = '{}', classes = '{class com.kyle.kyapiinterface.KyapiInterfaceApplication}', contextInitializerClasses = '[]', activeProfiles = '{}', propertySourceLocations = '{}', propertySourceProperties = '{org.springframework.boot.test.context.SpringBootTestContextBootstrapper=true}', contextCustomizers = set[org.springframework.boot.test.context.filter.ExcludeFilterContextCustomizer@1afd44cb, org.springframework.boot.test.json.DuplicateJsonObjectContextCustomizerFactory$DuplicateJsonObjectContextCustomizer@43195e57, org.springframework.boot.test.mock.mockito.MockitoContextCustomizer@0, org.springframework.boot.test.web.client.TestRestTemplateContextCustomizer@71809907, org.springframework.boot.test.autoconfigure.actuate.metrics.MetricsExportContextCustomizerFactory$DisableMetricExportContextCustomizer@3bb9a3ff, org.springframework.boot.test.autoconfigure.properties.PropertyMappingContextCustomizer@0, org.springframework.boot.test.autoconfigure.web.servlet.WebDriverContextCustomizerFactory$Customizer@5876a9af, org.springframework.boot.test.context.SpringBootTestArgs@1, org.springframework.boot.test.context.SpringBootTestWebEnvironment@62ee68d8], resourceBasePath = 'src/main/webapp', contextLoader = 'org.springframework.boot.test.context.SpringBootContextLoader', parent = [null]], attributes = map['org.springframework.test.context.web.ServletTestExecutionListener.activateListener' -> true]], class annotated with @DirtiesContext [false] with mode [null].
20:18:34.969 [main] DEBUG org.springframework.test.context.support.TestPropertySourceUtils - Adding inlined properties to environment: {spring.jmx.enabled=false, org.springframework.boot.test.context.SpringBootTestContextBootstrapper=true}

  .   ____          _            __ _ _
 /\\ / ___'_ __ _ _(_)_ __  __ _ \ \ \ \
( ( )\___ | '_ | '_| | '_ \/ _` | \ \ \ \
 \\/  ___)| |_)| | | | | || (_| |  ) ) ) )
  '  |____| .__|_| |_|_| |_\__, | / / / /
 =========|_|==============|___/=/_/_/_/
 :: Spring Boot ::                (v2.4.5)

2023-05-09 20:18:35.294  INFO 24984 --- [           main] c.k.k.KyapiInterfaceApplicationTests     : Starting KyapiInterfaceApplicationTests using Java 1.8.0_131 on DESKTOP-9UQ1NJJ with PID 24984 (started by Kyle in D:\IDEA\KyAPI\kyapi-interface)
2023-05-09 20:18:35.296  INFO 24984 --- [           main] c.k.k.KyapiInterfaceApplicationTests     : No active profile set, falling back to default profiles: default
2023-05-09 20:18:36.469  INFO 24984 --- [           main] o.s.s.concurrent.ThreadPoolTaskExecutor  : Initializing ExecutorService 'applicationTaskExecutor'
2023-05-09 20:18:36.774  INFO 24984 --- [           main] c.k.k.KyapiInterfaceApplicationTests     : Started KyapiInterfaceApplicationTests in 1.798 seconds (JVM running for 2.747)
]]></system-out>
  </testcase>
</testsuite>